android/app/build/intermediates/manifest_merge_blame_file/debug/manifest-merger-blame-debug-report.txt
1<?xml version="1.0" encoding="utf-8"?>
2<manifest xmlns:android="http://schemas.android.com/apk/res/android"
3    package="com.ranenetwork"
4    android:versionCode="1"
5    android:versionName="1.0" >
6
7    <uses-sdk
8        android:minSdkVersion="21"
9        android:targetSdkVersion="33" />
10
11    <uses-permission android:name="android.permission.SYSTEM_ALERT_WINDOW" />
11-->src\debug\AndroidManifest.xml:5:5-77
11-->src\debug\AndroidManifest.xml:5:22-75
12    <uses-permission android:name="android.permission.INTERNET" />
12-->src\main\AndroidManifest.xml:3:5-67
12-->src\main\AndroidManifest.xml:3:22-64
13    <uses-permission android:name="android.permission.ACCESS_WIFI_STATE" />
13-->[com.facebook.flipper:flipper:0.182.0] AndroidManifest.xml:16:5-76
13-->[com.facebook.flipper:flipper:0.182.0] AndroidManifest.xml:16:22-73
14
15    <queries>
15-->[:react-native-inappbrowser-reborn] AndroidManifest.xml:9:5-13:15
16        <intent>
16-->[:react-native-inappbrowser-reborn] AndroidManifest.xml:10:9-12:18
17            <action android:name="android.support.customtabs.action.CustomTabsService" />
17-->[:react-native-inappbrowser-reborn] AndroidManifest.xml:11:13-90
17-->[:react-native-inappbrowser-reborn] AndroidManifest.xml:11:21-87
18        </intent>
19    </queries>
20
21    <application
21-->src\main\AndroidManifest.xml:5:5-40:19
22        android:name="com.ranenetwork.MainApplication"
22-->src\main\AndroidManifest.xml:6:7-38
23        android:allowBackup="false"
23-->src\main\AndroidManifest.xml:10:7-34
24        android:appComponentFactory="androidx.core.app.CoreComponentFactory"
24-->[androidx.core:core:1.7.0] AndroidManifest.xml:24:18-86
25        android:debuggable="true"
26        android:icon="@mipmap/ic_launcher"
26-->src\main\AndroidManifest.xml:8:7-41
27        android:label="@string/app_name"
27-->src\main\AndroidManifest.xml:7:7-39
28        android:roundIcon="@mipmap/ic_launcher_round"
28-->src\main\AndroidManifest.xml:9:7-52
29        android:theme="@style/AppTheme"
29-->src\main\AndroidManifest.xml:11:7-38
30        android:usesCleartextTraffic="true" >
30-->src\debug\AndroidManifest.xml:8:9-44
31        <activity
31-->src\debug\AndroidManifest.xml:11:9-111
32            android:name="com.facebook.react.devsupport.DevSettingsActivity"
32-->src\debug\AndroidManifest.xml:11:19-83
33            android:exported="false" />
33-->src\debug\AndroidManifest.xml:11:84-108
34        <activity
34-->src\main\AndroidManifest.xml:12:7-21:18
35            android:name="com.ranenetwork.SplashActivity"
35-->src\main\AndroidManifest.xml:13:9-39
36            android:exported="true"
36-->src\main\AndroidManifest.xml:16:9-32
37            android:label="@string/app_name"
37-->src\main\AndroidManifest.xml:15:9-41
38            android:theme="@style/SplashTheme" >
38-->src\main\AndroidManifest.xml:14:9-43
39            <intent-filter>
39-->src\main\AndroidManifest.xml:17:9-20:25
40                <action android:name="android.intent.action.MAIN" />
40-->src\main\AndroidManifest.xml:18:13-65
40-->src\main\AndroidManifest.xml:18:21-62
41
42                <category android:name="android.intent.category.LAUNCHER" />
42-->src\main\AndroidManifest.xml:19:13-73
42-->src\main\AndroidManifest.xml:19:23-70
43            </intent-filter>
44        </activity>
45        <activity
45-->src\main\AndroidManifest.xml:22:7-39:18
46            android:name="com.ranenetwork.MainActivity"
46-->src\main\AndroidManifest.xml:23:9-37
47            android:configChanges="keyboard|keyboardHidden|orientation|screenLayout|screenSize|smallestScreenSize|uiMode"
47-->src\main\AndroidManifest.xml:25:9-118
48            android:exported="true"
48-->src\main\AndroidManifest.xml:28:9-32
49            android:label="@string/app_name"
49-->src\main\AndroidManifest.xml:24:9-41
50            android:launchMode="singleTask"
50-->src\main\AndroidManifest.xml:26:9-40
51            android:windowSoftInputMode="adjustResize" >
51-->src\main\AndroidManifest.xml:27:9-51
52            <intent-filter>
52-->src\main\AndroidManifest.xml:29:9-32:25
53                <action android:name="android.intent.action.MAIN" />
53-->src\main\AndroidManifest.xml:18:13-65
53-->src\main\AndroidManifest.xml:18:21-62
54
55                <category android:name="android.intent.category.DEFAULT" />
55-->src\main\AndroidManifest.xml:31:13-72
55-->src\main\AndroidManifest.xml:31:23-69
56            </intent-filter>
57            <intent-filter>
57-->src\main\AndroidManifest.xml:33:9-38:25
58                <action android:name="android.intent.action.VIEW" />
58-->src\main\AndroidManifest.xml:34:11-63
58-->src\main\AndroidManifest.xml:34:19-60
59
60                <category android:name="android.intent.category.DEFAULT" />
60-->src\main\AndroidManifest.xml:31:13-72
60-->src\main\AndroidManifest.xml:31:23-69
61                <category android:name="android.intent.category.BROWSABLE" />
61-->src\main\AndroidManifest.xml:36:11-72
61-->src\main\AndroidManifest.xml:36:21-69
62
63                <data android:scheme="ranenetwork" />
63-->src\main\AndroidManifest.xml:37:11-48
63-->src\main\AndroidManifest.xml:37:17-45
64            </intent-filter>
65        </activity>
66        <activity
66-->[:react-native-inappbrowser-reborn] AndroidManifest.xml:16:9-19:20
67            android:name="com.proyecto26.inappbrowser.ChromeTabsManagerActivity"
67-->[:react-native-inappbrowser-reborn] AndroidManifest.xml:17:13-81
68            android:exported="false" >
68-->[:react-native-inappbrowser-reborn] AndroidManifest.xml:18:13-37
69        </activity>
70
71        <provider
71-->[:react-native-webview] AndroidManifest.xml:8:9-16:20
72            android:name="com.reactnativecommunity.webview.RNCWebViewFileProvider"
72-->[:react-native-webview] AndroidManifest.xml:9:13-83
73            android:authorities="com.ranenetwork.fileprovider"
73-->[:react-native-webview] AndroidManifest.xml:10:13-64
74            android:exported="false"
74-->[:react-native-webview] AndroidManifest.xml:11:13-37
75            android:grantUriPermissions="true" >
75-->[:react-native-webview] AndroidManifest.xml:12:13-47
76            <meta-data
76-->[:react-native-webview] AndroidManifest.xml:13:13-15:63
77                android:name="android.support.FILE_PROVIDER_PATHS"
77-->[:react-native-webview] AndroidManifest.xml:14:17-67
78                android:resource="@xml/file_provider_paths" />
78-->[:react-native-webview] AndroidManifest.xml:15:17-60
79        </provider>
80
81        <meta-data
81-->[com.facebook.soloader:soloader:0.10.5] AndroidManifest.xml:12:9-14:37
82            android:name="com.facebook.soloader.enabled"
82-->[com.facebook.soloader:soloader:0.10.5] AndroidManifest.xml:13:13-57
83            android:value="false" />
83-->[com.facebook.soloader:soloader:0.10.5] AndroidManifest.xml:14:13-34
84
85        <provider
85-->[androidx.emoji2:emoji2:1.0.0] AndroidManifest.xml:26:9-34:20
86            android:name="androidx.startup.InitializationProvider"
86-->[androidx.emoji2:emoji2:1.0.0] AndroidManifest.xml:27:13-67
87            android:authorities="com.ranenetwork.androidx-startup"
87-->[androidx.emoji2:emoji2:1.0.0] AndroidManifest.xml:28:13-68
88            android:exported="false" >
88-->[androidx.emoji2:emoji2:1.0.0] AndroidManifest.xml:29:13-37
89            <meta-data
89-->[androidx.emoji2:emoji2:1.0.0] AndroidManifest.xml:31:13-33:52
90                android:name="androidx.emoji2.text.EmojiCompatInitializer"
90-->[androidx.emoji2:emoji2:1.0.0] AndroidManifest.xml:32:17-75
91                android:value="androidx.startup" />
91-->[androidx.emoji2:emoji2:1.0.0] AndroidManifest.xml:33:17-49
92            <meta-data
92-->[androidx.lifecycle:lifecycle-process:2.4.0] AndroidManifest.xml:31:13-33:52
93                android:name="androidx.lifecycle.ProcessLifecycleInitializer"
93-->[androidx.lifecycle:lifecycle-process:2.4.0] AndroidManifest.xml:32:17-78
94                android:value="androidx.startup" />
94-->[androidx.lifecycle:lifecycle-process:2.4.0] AndroidManifest.xml:33:17-49
95        </provider>
96    </application>
97
98</manifest>